c:\users\maaberne\source\repos\concordextensibilitysamples\cppcustomvisualizer\release\x86\arraymembervisualizer.lib
c:\users\maaberne\source\repos\concordextensibilitysamples\cppcustomvisualizer\release\x86\arraymembervisualizer.exp
c:\users\maaberne\source\repos\arraymembervisualizer\release\x86\arraymembervisualizer.lib
c:\users\maaberne\source\repos\arraymembervisualizer\release\x86\arraymembervisualizer.exp
c:\users\maaberne\source\repos\concordextensibilitysamples\cppcustomvisualizer\dll\release\x86\arraymembervisualizer.pch
c:\users\maaberne\source\repos\concordextensibilitysamples\cppcustomvisualizer\dll\release\x86\vc142.pdb
c:\users\maaberne\source\repos\concordextensibilitysamples\cppcustomvisualizer\dll\release\x86\stdafx.obj
c:\users\maaberne\source\repos\concordextensibilitysamples\cppcustomvisualizer\dll\release\x86\_entrypoint.obj
c:\users\maaberne\source\repos\concordextensibilitysamples\cppcustomvisualizer\dll\release\x86\dllmain.obj
c:\users\maaberne\source\repos\arraymembervisualizer\dll\release\x86\arraymembervisualizer.pch
c:\users\maaberne\source\repos\arraymembervisualizer\dll\release\x86\vc142.pdb
c:\users\maaberne\source\repos\arraymembervisualizer\dll\release\x86\stdafx.obj
c:\users\maaberne\source\repos\arraymembervisualizer\dll\release\x86\_entrypoint.obj
c:\users\maaberne\source\repos\arraymembervisualizer\dll\release\x86\dllmain.obj
c:\users\maaberne\source\repos\concordextensibilitysamples\cppcustomvisualizer\release\x86\arraymembervisualizer.dll
c:\users\maaberne\source\repos\concordextensibilitysamples\cppcustomvisualizer\release\x86\arraymembervisualizer.pdb
c:\users\maaberne\source\repos\arraymembervisualizer\release\x86\arraymembervisualizer.dll
c:\users\maaberne\source\repos\arraymembervisualizer\release\x86\arraymembervisualizer.pdb
c:\users\maaberne\source\repos\concordextensibilitysamples\cppcustomvisualizer\dll\release\x86\arraymembervisualizer.res
c:\users\maaberne\source\repos\arraymembervisualizer\dll\release\x86\arraymembervisualizer.res
c:\users\maaberne\source\repos\arraymembervisualizer\dll\release\x86\arraymem.f7062fb7.tlog\arraymembervisualizer.write.1u.tlog
c:\users\maaberne\source\repos\arraymembervisualizer\dll\release\x86\arraymem.f7062fb7.tlog\cl.command.1.tlog
c:\users\maaberne\source\repos\arraymembervisualizer\dll\release\x86\arraymem.f7062fb7.tlog\cl.read.1.tlog
c:\users\maaberne\source\repos\arraymembervisualizer\dll\release\x86\arraymem.f7062fb7.tlog\cl.write.1.tlog
c:\users\maaberne\source\repos\arraymembervisualizer\dll\release\x86\arraymem.f7062fb7.tlog\link.command.1.tlog
c:\users\maaberne\source\repos\arraymembervisualizer\dll\release\x86\arraymem.f7062fb7.tlog\link.delete.1.tlog
c:\users\maaberne\source\repos\arraymembervisualizer\dll\release\x86\arraymem.f7062fb7.tlog\link.read.1.tlog
c:\users\maaberne\source\repos\arraymembervisualizer\dll\release\x86\arraymem.f7062fb7.tlog\link.write.1.tlog
c:\users\maaberne\source\repos\arraymembervisualizer\dll\release\x86\arraymem.f7062fb7.tlog\rc.command.1.tlog
c:\users\maaberne\source\repos\arraymembervisualizer\dll\release\x86\arraymem.f7062fb7.tlog\rc.read.1.tlog
c:\users\maaberne\source\repos\arraymembervisualizer\dll\release\x86\arraymem.f7062fb7.tlog\rc.write.1.tlog
